The target system is: Android - 1 - i686
The host system is: Linux - 7.1.4-arch1-1 - x86_64
Compiling the C compiler identification source file "CMakeCCompilerId.c" succeeded.
Compiler: /home/monsler/Android/Sdk/ndk/26.1.10909125/toolchains/llvm/prebuilt/linux-x86_64/bin/clang 
Build flags: -g;-DANDROID;-fdata-sections;-ffunction-sections;-funwind-tables;-fstack-protector-strong;-no-canonical-prefixes;-D_FORTIFY_SOURCE=2;-Wformat;-Werror=format-security;
Id flags: -c;--target=i686-none-linux-android24 

The output was:
0


Compilation of the C compiler identification source "CMakeCCompilerId.c" produced "CMakeCCompilerId.o"

The C compiler identification is Clang, found in "/home/monsler/Документы/NewCatroid/vncclient/.cxx/Debug/305v1k2y/x86/CMakeFiles/3.22.1-g37088a8/CompilerIdC/CMakeCCompilerId.o"

Compiling the CXX compiler identification source file "CMakeCXXCompilerId.cpp" succeeded.
Compiler: /home/monsler/Android/Sdk/ndk/26.1.10909125/toolchains/llvm/prebuilt/linux-x86_64/bin/clang++ 
Build flags: -g;-DANDROID;-fdata-sections;-ffunction-sections;-funwind-tables;-fstack-protector-strong;-no-canonical-prefixes;-D_FORTIFY_SOURCE=2;-Wformat;-Werror=format-security;;
Id flags: -c;--target=i686-none-linux-android24 

The output was:
0


Compilation of the CXX compiler identification source "CMakeCXXCompilerId.cpp" produced "CMakeCXXCompilerId.o"

The CXX compiler identification is Clang, found in "/home/monsler/Документы/NewCatroid/vncclient/.cxx/Debug/305v1k2y/x86/CMakeFiles/3.22.1-g37088a8/CompilerIdCXX/CMakeCXXCompilerId.o"

Detecting C compiler ABI info compiled with the following output:
Change Dir: /home/monsler/Документы/NewCatroid/vncclient/.cxx/Debug/305v1k2y/x86/CMakeFiles/CMakeTmp

Run Build Command(s):/home/monsler/Android/Sdk/cmake/3.22.1/bin/ninja cmTC_1336e && [1/2] Building C object CMakeFiles/cmTC_1336e.dir/CMakeCCompilerABI.c.o
Android (10552028, +pgo, +bolt, +lto, -mlgo, based on r487747d) clang version 17.0.2 (https://android.googlesource.com/toolchain/llvm-project d9f89f4d16663d5012e5c09495f3b30ece3d2362)
Target: i686-none-linux-android24
Thread model: posix
InstalledDir: /home/monsler/Android/Sdk/ndk/26.1.10909125/toolchains/llvm/prebuilt/linux-x86_64/bin
 (in-process)
 "/home/monsler/Android/Sdk/ndk/26.1.10909125/toolchains/llvm/prebuilt/linux-x86_64/bin/clang" -cc1 -triple i686-none-linux-android24 -emit-obj -mrelax-all -disable-free -clear-ast-before-backend -disable-llvm-verifier -discard-value-names -main-file-name CMakeCCompilerABI.c -mrelocation-model pic -pic-level 2 -pic-is-pie -mframe-pointer=all -ffp-contract=on -fno-rounding-math -mconstructor-aliases -funwind-tables=2 -target-cpu i686 -target-feature +ssse3 -tune-cpu generic -mllvm -treat-scalable-fixed-error-as-warning -debug-info-kind=constructor -dwarf-version=4 -debugger-tuning=gdb -v -ffunction-sections -fdata-sections -fcoverage-compilation-dir=/home/monsler/Документы/NewCatroid/vncclient/.cxx/Debug/305v1k2y/x86/CMakeFiles/CMakeTmp -resource-dir /home/monsler/Android/Sdk/ndk/26.1.10909125/toolchains/llvm/prebuilt/linux-x86_64/lib/clang/17 -dependency-file CMakeFiles/cmTC_1336e.dir/CMakeCCompilerABI.c.o.d -MT CMakeFiles/cmTC_1336e.dir/CMakeCCompilerABI.c.o -sys-header-deps -D ANDROID -D _FORTIFY_SOURCE=2 -isysroot /home/monsler/Android/Sdk/ndk/26.1.10909125/toolchains/llvm/prebuilt/linux-x86_64/sysroot -internal-isystem /home/monsler/Android/Sdk/ndk/26.1.10909125/toolchains/llvm/prebuilt/linux-x86_64/lib/clang/17/include -internal-isystem /home/monsler/Android/Sdk/ndk/26.1.10909125/toolchains/llvm/prebuilt/linux-x86_64/sysroot/usr/local/include -internal-externc-isystem /home/monsler/Android/Sdk/ndk/26.1.10909125/toolchains/llvm/prebuilt/linux-x86_64/sysroot/usr/include/i686-linux-android -internal-externc-isystem /home/monsler/Android/Sdk/ndk/26.1.10909125/toolchains/llvm/prebuilt/linux-x86_64/sysroot/include -internal-externc-isystem /home/monsler/Android/Sdk/ndk/26.1.10909125/toolchains/llvm/prebuilt/linux-x86_64/sysroot/usr/include -Wformat -fdebug-compilation-dir=/home/monsler/Документы/NewCatroid/vncclient/.cxx/Debug/305v1k2y/x86/CMakeFiles/CMakeTmp -ferror-limit 19 -stack-protector 2 -fgnuc-version=4.2.1 -D__GCC_HAVE_DWARF2_CFI_ASM=1 -o CMakeFiles/cmTC_1336e.dir/CMakeCCompilerABI.c.o -x c /home/monsler/Android/Sdk/cmake/3.22.1/share/cmake-3.22/Modules/CMakeCCompilerABI.c
clang -cc1 version 17.0.2 based upon LLVM 17.0.2 default target x86_64-unknown-linux-gnu
ignoring nonexistent directory "/home/monsler/Android/Sdk/ndk/26.1.10909125/toolchains/llvm/prebuilt/linux-x86_64/sysroot/usr/local/include"
ignoring nonexistent directory "/home/monsler/Android/Sdk/ndk/26.1.10909125/toolchains/llvm/prebuilt/linux-x86_64/sysroot/include"
#include "..." search starts here:
#include <...> search starts here:
 /home/monsler/Android/Sdk/ndk/26.1.10909125/toolchains/llvm/prebuilt/linux-x86_64/lib/clang/17/include
 /home/monsler/Android/Sdk/ndk/26.1.10909125/toolchains/llvm/prebuilt/linux-x86_64/sysroot/usr/include/i686-linux-android
 /home/monsler/Android/Sdk/ndk/26.1.10909125/toolchains/llvm/prebuilt/linux-x86_64/sysroot/usr/include
End of search list.
[2/2] Linking C executable cmTC_1336e
Android (10552028, +pgo, +bolt, +lto, -mlgo, based on r487747d) clang version 17.0.2 (https://android.googlesource.com/toolchain/llvm-project d9f89f4d16663d5012e5c09495f3b30ece3d2362)
Target: i686-none-linux-android24
Thread model: posix
InstalledDir: /home/monsler/Android/Sdk/ndk/26.1.10909125/toolchains/llvm/prebuilt/linux-x86_64/bin
 "/home/monsler/Android/Sdk/ndk/26.1.10909125/toolchains/llvm/prebuilt/linux-x86_64/bin/ld.lld" --sysroot=/home/monsler/Android/Sdk/ndk/26.1.10909125/toolchains/llvm/prebuilt/linux-x86_64/sysroot -pie -z now -z relro --hash-style=gnu --eh-frame-hdr -m elf_i386 -dynamic-linker /system/bin/linker -o cmTC_1336e /home/monsler/Android/Sdk/ndk/26.1.10909125/toolchains/llvm/prebuilt/linux-x86_64/sysroot/usr/lib/i686-linux-android/24/crtbegin_dynamic.o -L/home/monsler/Android/Sdk/ndk/26.1.10909125/toolchains/llvm/prebuilt/linux-x86_64/lib/clang/17/lib/linux/i386 -L/home/monsler/Android/Sdk/ndk/26.1.10909125/toolchains/llvm/prebuilt/linux-x86_64/sysroot/usr/lib/i686-linux-android/24 -L/home/monsler/Android/Sdk/ndk/26.1.10909125/toolchains/llvm/prebuilt/linux-x86_64/sysroot/usr/lib/i686-linux-android -L/home/monsler/Android/Sdk/ndk/26.1.10909125/toolchains/llvm/prebuilt/linux-x86_64/sysroot/usr/lib --build-id=sha1 --no-rosegment --no-undefined-version --fatal-warnings --no-undefined CMakeFiles/cmTC_1336e.dir/CMakeCCompilerABI.c.o /home/monsler/Android/Sdk/ndk/26.1.10909125/toolchains/llvm/prebuilt/linux-x86_64/lib/clang/17/lib/linux/libclang_rt.builtins-i686-android.a -l:libunwind.a -ldl -lc /home/monsler/Android/Sdk/ndk/26.1.10909125/toolchains/llvm/prebuilt/linux-x86_64/lib/clang/17/lib/linux/libclang_rt.builtins-i686-android.a -l:libunwind.a -ldl /home/monsler/Android/Sdk/ndk/26.1.10909125/toolchains/llvm/prebuilt/linux-x86_64/sysroot/usr/lib/i686-linux-android/24/crtend_android.o



Parsed C implicit include dir info from above output: rv=done
  found start of include info
  found start of implicit include info
    add: [/home/monsler/Android/Sdk/ndk/26.1.10909125/toolchains/llvm/prebuilt/linux-x86_64/lib/clang/17/include]
    add: [/home/monsler/Android/Sdk/ndk/26.1.10909125/toolchains/llvm/prebuilt/linux-x86_64/sysroot/usr/include/i686-linux-android]
    add: [/home/monsler/Android/Sdk/ndk/26.1.10909125/toolchains/llvm/prebuilt/linux-x86_64/sysroot/usr/include]
  end of search list found
  collapse include dir [/home/monsler/Android/Sdk/ndk/26.1.10909125/toolchains/llvm/prebuilt/linux-x86_64/lib/clang/17/include] ==> [/home/monsler/Android/Sdk/ndk/26.1.10909125/toolchains/llvm/prebuilt/linux-x86_64/lib/clang/17/include]
  collapse include dir [/home/monsler/Android/Sdk/ndk/26.1.10909125/toolchains/llvm/prebuilt/linux-x86_64/sysroot/usr/include/i686-linux-android] ==> [/home/monsler/Android/Sdk/ndk/26.1.10909125/toolchains/llvm/prebuilt/linux-x86_64/sysroot/usr/include/i686-linux-android]
  collapse include dir [/home/monsler/Android/Sdk/ndk/26.1.10909125/toolchains/llvm/prebuilt/linux-x86_64/sysroot/usr/include] ==> [/home/monsler/Android/Sdk/ndk/26.1.10909125/toolchains/llvm/prebuilt/linux-x86_64/sysroot/usr/include]
  implicit include dirs: [/home/monsler/Android/Sdk/ndk/26.1.10909125/toolchains/llvm/prebuilt/linux-x86_64/lib/clang/17/include;/home/monsler/Android/Sdk/ndk/26.1.10909125/toolchains/llvm/prebuilt/linux-x86_64/sysroot/usr/include/i686-linux-android;/home/monsler/Android/Sdk/ndk/26.1.10909125/toolchains/llvm/prebuilt/linux-x86_64/sysroot/usr/include]


Parsed C implicit link information from above output:
  link line regex: [^( *|.*[/\])(ld\.lld|CMAKE_LINK_STARTFILE-NOTFOUND|([^/\]+-)?ld|collect2)[^/\]*( |$)]
  ignore line: [Change Dir: /home/monsler/Документы/NewCatroid/vncclient/.cxx/Debug/305v1k2y/x86/CMakeFiles/CMakeTmp]
  ignore line: []
  ignore line: [Run Build Command(s):/home/monsler/Android/Sdk/cmake/3.22.1/bin/ninja cmTC_1336e && [1/2] Building C object CMakeFiles/cmTC_1336e.dir/CMakeCCompilerABI.c.o]
  ignore line: [Android (10552028  +pgo  +bolt  +lto  -mlgo  based on r487747d) clang version 17.0.2 (https://android.googlesource.com/toolchain/llvm-project d9f89f4d16663d5012e5c09495f3b30ece3d2362)]
  ignore line: [Target: i686-none-linux-android24]
  ignore line: [Thread model: posix]
  ignore line: [InstalledDir: /home/monsler/Android/Sdk/ndk/26.1.10909125/toolchains/llvm/prebuilt/linux-x86_64/bin]
  ignore line: [ (in-process)]
  ignore line: [ "/home/monsler/Android/Sdk/ndk/26.1.10909125/toolchains/llvm/prebuilt/linux-x86_64/bin/clang" -cc1 -triple i686-none-linux-android24 -emit-obj -mrelax-all -disable-free -clear-ast-before-backend -disable-llvm-verifier -discard-value-names -main-file-name CMakeCCompilerABI.c -mrelocation-model pic -pic-level 2 -pic-is-pie -mframe-pointer=all -ffp-contract=on -fno-rounding-math -mconstructor-aliases -funwind-tables=2 -target-cpu i686 -target-feature +ssse3 -tune-cpu generic -mllvm -treat-scalable-fixed-error-as-warning -debug-info-kind=constructor -dwarf-version=4 -debugger-tuning=gdb -v -ffunction-sections -fdata-sections -fcoverage-compilation-dir=/home/monsler/Документы/NewCatroid/vncclient/.cxx/Debug/305v1k2y/x86/CMakeFiles/CMakeTmp -resource-dir /home/monsler/Android/Sdk/ndk/26.1.10909125/toolchains/llvm/prebuilt/linux-x86_64/lib/clang/17 -dependency-file CMakeFiles/cmTC_1336e.dir/CMakeCCompilerABI.c.o.d -MT CMakeFiles/cmTC_1336e.dir/CMakeCCompilerABI.c.o -sys-header-deps -D ANDROID -D _FORTIFY_SOURCE=2 -isysroot /home/monsler/Android/Sdk/ndk/26.1.10909125/toolchains/llvm/prebuilt/linux-x86_64/sysroot -internal-isystem /home/monsler/Android/Sdk/ndk/26.1.10909125/toolchains/llvm/prebuilt/linux-x86_64/lib/clang/17/include -internal-isystem /home/monsler/Android/Sdk/ndk/26.1.10909125/toolchains/llvm/prebuilt/linux-x86_64/sysroot/usr/local/include -internal-externc-isystem /home/monsler/Android/Sdk/ndk/26.1.10909125/toolchains/llvm/prebuilt/linux-x86_64/sysroot/usr/include/i686-linux-android -internal-externc-isystem /home/monsler/Android/Sdk/ndk/26.1.10909125/toolchains/llvm/prebuilt/linux-x86_64/sysroot/include -internal-externc-isystem /home/monsler/Android/Sdk/ndk/26.1.10909125/toolchains/llvm/prebuilt/linux-x86_64/sysroot/usr/include -Wformat -fdebug-compilation-dir=/home/monsler/Документы/NewCatroid/vncclient/.cxx/Debug/305v1k2y/x86/CMakeFiles/CMakeTmp -ferror-limit 19 -stack-protector 2 -fgnuc-version=4.2.1 -D__GCC_HAVE_DWARF2_CFI_ASM=1 -o CMakeFiles/cmTC_1336e.dir/CMakeCCompilerABI.c.o -x c /home/monsler/Android/Sdk/cmake/3.22.1/share/cmake-3.22/Modules/CMakeCCompilerABI.c]
  ignore line: [clang -cc1 version 17.0.2 based upon LLVM 17.0.2 default target x86_64-unknown-linux-gnu]
  ignore line: [ignoring nonexistent directory "/home/monsler/Android/Sdk/ndk/26.1.10909125/toolchains/llvm/prebuilt/linux-x86_64/sysroot/usr/local/include"]
  ignore line: [ignoring nonexistent directory "/home/monsler/Android/Sdk/ndk/26.1.10909125/toolchains/llvm/prebuilt/linux-x86_64/sysroot/include"]
  ignore line: [#include "..." search starts here:]
  ignore line: [#include <...> search starts here:]
  ignore line: [ /home/monsler/Android/Sdk/ndk/26.1.10909125/toolchains/llvm/prebuilt/linux-x86_64/lib/clang/17/include]
  ignore line: [ /home/monsler/Android/Sdk/ndk/26.1.10909125/toolchains/llvm/prebuilt/linux-x86_64/sysroot/usr/include/i686-linux-android]
  ignore line: [ /home/monsler/Android/Sdk/ndk/26.1.10909125/toolchains/llvm/prebuilt/linux-x86_64/sysroot/usr/include]
  ignore line: [End of search list.]
  ignore line: [[2/2] Linking C executable cmTC_1336e]
  ignore line: [Android (10552028  +pgo  +bolt  +lto  -mlgo  based on r487747d) clang version 17.0.2 (https://android.googlesource.com/toolchain/llvm-project d9f89f4d16663d5012e5c09495f3b30ece3d2362)]
  ignore line: [Target: i686-none-linux-android24]
  ignore line: [Thread model: posix]
  ignore line: [InstalledDir: /home/monsler/Android/Sdk/ndk/26.1.10909125/toolchains/llvm/prebuilt/linux-x86_64/bin]
  link line: [ "/home/monsler/Android/Sdk/ndk/26.1.10909125/toolchains/llvm/prebuilt/linux-x86_64/bin/ld.lld" --sysroot=/home/monsler/Android/Sdk/ndk/26.1.10909125/toolchains/llvm/prebuilt/linux-x86_64/sysroot -pie -z now -z relro --hash-style=gnu --eh-frame-hdr -m elf_i386 -dynamic-linker /system/bin/linker -o cmTC_1336e /home/monsler/Android/Sdk/ndk/26.1.10909125/toolchains/llvm/prebuilt/linux-x86_64/sysroot/usr/lib/i686-linux-android/24/crtbegin_dynamic.o -L/home/monsler/Android/Sdk/ndk/26.1.10909125/toolchains/llvm/prebuilt/linux-x86_64/lib/clang/17/lib/linux/i386 -L/home/monsler/Android/Sdk/ndk/26.1.10909125/toolchains/llvm/prebuilt/linux-x86_64/sysroot/usr/lib/i686-linux-android/24 -L/home/monsler/Android/Sdk/ndk/26.1.10909125/toolchains/llvm/prebuilt/linux-x86_64/sysroot/usr/lib/i686-linux-android -L/home/monsler/Android/Sdk/ndk/26.1.10909125/toolchains/llvm/prebuilt/linux-x86_64/sysroot/usr/lib --build-id=sha1 --no-rosegment --no-undefined-version --fatal-warnings --no-undefined CMakeFiles/cmTC_1336e.dir/CMakeCCompilerABI.c.o /home/monsler/Android/Sdk/ndk/26.1.10909125/toolchains/llvm/prebuilt/linux-x86_64/lib/clang/17/lib/linux/libclang_rt.builtins-i686-android.a -l:libunwind.a -ldl -lc /home/monsler/Android/Sdk/ndk/26.1.10909125/toolchains/llvm/prebuilt/linux-x86_64/lib/clang/17/lib/linux/libclang_rt.builtins-i686-android.a -l:libunwind.a -ldl /home/monsler/Android/Sdk/ndk/26.1.10909125/toolchains/llvm/prebuilt/linux-x86_64/sysroot/usr/lib/i686-linux-android/24/crtend_android.o]
    arg [/home/monsler/Android/Sdk/ndk/26.1.10909125/toolchains/llvm/prebuilt/linux-x86_64/bin/ld.lld] ==> ignore
    arg [--sysroot=/home/monsler/Android/Sdk/ndk/26.1.10909125/toolchains/llvm/prebuilt/linux-x86_64/sysroot] ==> ignore
    arg [-pie] ==> ignore
    arg [-znow] ==> ignore
    arg [-zrelro] ==> ignore
    arg [--hash-style=gnu] ==> ignore
    arg [--eh-frame-hdr] ==> ignore
    arg [-m] ==> ignore
    arg [elf_i386] ==> ignore
    arg [-dynamic-linker] ==> ignore
    arg [/system/bin/linker] ==> ignore
    arg [-o] ==> ignore
    arg [cmTC_1336e] ==> ignore
    arg [/home/monsler/Android/Sdk/ndk/26.1.10909125/toolchains/llvm/prebuilt/linux-x86_64/sysroot/usr/lib/i686-linux-android/24/crtbegin_dynamic.o] ==> obj [/home/monsler/Android/Sdk/ndk/26.1.10909125/toolchains/llvm/prebuilt/linux-x86_64/sysroot/usr/lib/i686-linux-android/24/crtbegin_dynamic.o]
    arg [-L/home/monsler/Android/Sdk/ndk/26.1.10909125/toolchains/llvm/prebuilt/linux-x86_64/lib/clang/17/lib/linux/i386] ==> dir [/home/monsler/Android/Sdk/ndk/26.1.10909125/toolchains/llvm/prebuilt/linux-x86_64/lib/clang/17/lib/linux/i386]
    arg [-L/home/monsler/Android/Sdk/ndk/26.1.10909125/toolchains/llvm/prebuilt/linux-x86_64/sysroot/usr/lib/i686-linux-android/24] ==> dir [/home/monsler/Android/Sdk/ndk/26.1.10909125/toolchains/llvm/prebuilt/linux-x86_64/sysroot/usr/lib/i686-linux-android/24]
    arg [-L/home/monsler/Android/Sdk/ndk/26.1.10909125/toolchains/llvm/prebuilt/linux-x86_64/sysroot/usr/lib/i686-linux-android] ==> dir [/home/monsler/Android/Sdk/ndk/26.1.10909125/toolchains/llvm/prebuilt/linux-x86_64/sysroot/usr/lib/i686-linux-android]
    arg [-L/home/monsler/Android/Sdk/ndk/26.1.10909125/toolchains/llvm/prebuilt/linux-x86_64/sysroot/usr/lib] ==> dir [/home/monsler/Android/Sdk/ndk/26.1.10909125/toolchains/llvm/prebuilt/linux-x86_64/sysroot/usr/lib]
    arg [--build-id=sha1] ==> ignore
    arg [--no-rosegment] ==> ignore
    arg [--no-undefined-version] ==> ignore
    arg [--fatal-warnings] ==> ignore
    arg [--no-undefined] ==> ignore
    arg [CMakeFiles/cmTC_1336e.dir/CMakeCCompilerABI.c.o] ==> ignore
    arg [/home/monsler/Android/Sdk/ndk/26.1.10909125/toolchains/llvm/prebuilt/linux-x86_64/lib/clang/17/lib/linux/libclang_rt.builtins-i686-android.a] ==> lib [/home/monsler/Android/Sdk/ndk/26.1.10909125/toolchains/llvm/prebuilt/linux-x86_64/lib/clang/17/lib/linux/libclang_rt.builtins-i686-android.a]
    arg [-l:libunwind.a] ==> lib [-l:libunwind.a]
    arg [-ldl] ==> lib [dl]
    arg [-lc] ==> lib [c]
    arg [/home/monsler/Android/Sdk/ndk/26.1.10909125/toolchains/llvm/prebuilt/linux-x86_64/lib/clang/17/lib/linux/libclang_rt.builtins-i686-android.a] ==> lib [/home/monsler/Android/Sdk/ndk/26.1.10909125/toolchains/llvm/prebuilt/linux-x86_64/lib/clang/17/lib/linux/libclang_rt.builtins-i686-android.a]
    arg [-l:libunwind.a] ==> lib [-l:libunwind.a]
    arg [-ldl] ==> lib [dl]
    arg [/home/monsler/Android/Sdk/ndk/26.1.10909125/toolchains/llvm/prebuilt/linux-x86_64/sysroot/usr/lib/i686-linux-android/24/crtend_android.o] ==> obj [/home/monsler/Android/Sdk/ndk/26.1.10909125/toolchains/llvm/prebuilt/linux-x86_64/sysroot/usr/lib/i686-linux-android/24/crtend_android.o]
  remove lib [/home/monsler/Android/Sdk/ndk/26.1.10909125/toolchains/llvm/prebuilt/linux-x86_64/lib/clang/17/lib/linux/libclang_rt.builtins-i686-android.a]
  remove lib [/home/monsler/Android/Sdk/ndk/26.1.10909125/toolchains/llvm/prebuilt/linux-x86_64/lib/clang/17/lib/linux/libclang_rt.builtins-i686-android.a]
  collapse library dir [/home/monsler/Android/Sdk/ndk/26.1.10909125/toolchains/llvm/prebuilt/linux-x86_64/lib/clang/17/lib/linux/i386] ==> [/home/monsler/Android/Sdk/ndk/26.1.10909125/toolchains/llvm/prebuilt/linux-x86_64/lib/clang/17/lib/linux/i386]
  collapse library dir [/home/monsler/Android/Sdk/ndk/26.1.10909125/toolchains/llvm/prebuilt/linux-x86_64/sysroot/usr/lib/i686-linux-android/24] ==> [/home/monsler/Android/Sdk/ndk/26.1.10909125/toolchains/llvm/prebuilt/linux-x86_64/sysroot/usr/lib/i686-linux-android/24]
  collapse library dir [/home/monsler/Android/Sdk/ndk/26.1.10909125/toolchains/llvm/prebuilt/linux-x86_64/sysroot/usr/lib/i686-linux-android] ==> [/home/monsler/Android/Sdk/ndk/26.1.10909125/toolchains/llvm/prebuilt/linux-x86_64/sysroot/usr/lib/i686-linux-android]
  collapse library dir [/home/monsler/Android/Sdk/ndk/26.1.10909125/toolchains/llvm/prebuilt/linux-x86_64/sysroot/usr/lib] ==> [/home/monsler/Android/Sdk/ndk/26.1.10909125/toolchains/llvm/prebuilt/linux-x86_64/sysroot/usr/lib]
  implicit libs: [-l:libunwind.a;dl;c;-l:libunwind.a;dl]
  implicit objs: [/home/monsler/Android/Sdk/ndk/26.1.10909125/toolchains/llvm/prebuilt/linux-x86_64/sysroot/usr/lib/i686-linux-android/24/crtbegin_dynamic.o;/home/monsler/Android/Sdk/ndk/26.1.10909125/toolchains/llvm/prebuilt/linux-x86_64/sysroot/usr/lib/i686-linux-android/24/crtend_android.o]
  implicit dirs: [/home/monsler/Android/Sdk/ndk/26.1.10909125/toolchains/llvm/prebuilt/linux-x86_64/lib/clang/17/lib/linux/i386;/home/monsler/Android/Sdk/ndk/26.1.10909125/toolchains/llvm/prebuilt/linux-x86_64/sysroot/usr/lib/i686-linux-android/24;/home/monsler/Android/Sdk/ndk/26.1.10909125/toolchains/llvm/prebuilt/linux-x86_64/sysroot/usr/lib/i686-linux-android;/home/monsler/Android/Sdk/ndk/26.1.10909125/toolchains/llvm/prebuilt/linux-x86_64/sysroot/usr/lib]
  implicit fwks: []


Detecting CXX compiler ABI info compiled with the following output:
Change Dir: /home/monsler/Документы/NewCatroid/vncclient/.cxx/Debug/305v1k2y/x86/CMakeFiles/CMakeTmp

Run Build Command(s):/home/monsler/Android/Sdk/cmake/3.22.1/bin/ninja cmTC_6832e && [1/2] Building CXX object CMakeFiles/cmTC_6832e.dir/CMakeCXXCompilerABI.cpp.o
Android (10552028, +pgo, +bolt, +lto, -mlgo, based on r487747d) clang version 17.0.2 (https://android.googlesource.com/toolchain/llvm-project d9f89f4d16663d5012e5c09495f3b30ece3d2362)
Target: i686-none-linux-android24
Thread model: posix
InstalledDir: /home/monsler/Android/Sdk/ndk/26.1.10909125/toolchains/llvm/prebuilt/linux-x86_64/bin
 (in-process)
 "/home/monsler/Android/Sdk/ndk/26.1.10909125/toolchains/llvm/prebuilt/linux-x86_64/bin/clang++" -cc1 -triple i686-none-linux-android24 -emit-obj -mrelax-all -disable-free -clear-ast-before-backend -disable-llvm-verifier -discard-value-names -main-file-name CMakeCXXCompilerABI.cpp -mrelocation-model pic -pic-level 2 -pic-is-pie -mframe-pointer=all -ffp-contract=on -fno-rounding-math -mconstructor-aliases -funwind-tables=2 -target-cpu i686 -target-feature +ssse3 -tune-cpu generic -mllvm -treat-scalable-fixed-error-as-warning -debug-info-kind=constructor -dwarf-version=4 -debugger-tuning=gdb -v -ffunction-sections -fdata-sections -fcoverage-compilation-dir=/home/monsler/Документы/NewCatroid/vncclient/.cxx/Debug/305v1k2y/x86/CMakeFiles/CMakeTmp -resource-dir /home/monsler/Android/Sdk/ndk/26.1.10909125/toolchains/llvm/prebuilt/linux-x86_64/lib/clang/17 -dependency-file CMakeFiles/cmTC_6832e.dir/CMakeCXXCompilerABI.cpp.o.d -MT CMakeFiles/cmTC_6832e.dir/CMakeCXXCompilerABI.cpp.o -sys-header-deps -D ANDROID -D _FORTIFY_SOURCE=2 -isysroot /home/monsler/Android/Sdk/ndk/26.1.10909125/toolchains/llvm/prebuilt/linux-x86_64/sysroot -internal-isystem /home/monsler/Android/Sdk/ndk/26.1.10909125/toolchains/llvm/prebuilt/linux-x86_64/sysroot/usr/include/c++/v1 -internal-isystem /home/monsler/Android/Sdk/ndk/26.1.10909125/toolchains/llvm/prebuilt/linux-x86_64/lib/clang/17/include -internal-isystem /home/monsler/Android/Sdk/ndk/26.1.10909125/toolchains/llvm/prebuilt/linux-x86_64/sysroot/usr/local/include -internal-externc-isystem /home/monsler/Android/Sdk/ndk/26.1.10909125/toolchains/llvm/prebuilt/linux-x86_64/sysroot/usr/include/i686-linux-android -internal-externc-isystem /home/monsler/Android/Sdk/ndk/26.1.10909125/toolchains/llvm/prebuilt/linux-x86_64/sysroot/include -internal-externc-isystem /home/monsler/Android/Sdk/ndk/26.1.10909125/toolchains/llvm/prebuilt/linux-x86_64/sysroot/usr/include -Wformat -fdeprecated-macro -fdebug-compilation-dir=/home/monsler/Документы/NewCatroid/vncclient/.cxx/Debug/305v1k2y/x86/CMakeFiles/CMakeTmp -ferror-limit 19 -stack-protector 2 -fgnuc-version=4.2.1 -fcxx-exceptions -fexceptions -D__GCC_HAVE_DWARF2_CFI_ASM=1 -o CMakeFiles/cmTC_6832e.dir/CMakeCXXCompilerABI.cpp.o -x c++ /home/monsler/Android/Sdk/cmake/3.22.1/share/cmake-3.22/Modules/CMakeCXXCompilerABI.cpp
clang -cc1 version 17.0.2 based upon LLVM 17.0.2 default target x86_64-unknown-linux-gnu
ignoring nonexistent directory "/home/monsler/Android/Sdk/ndk/26.1.10909125/toolchains/llvm/prebuilt/linux-x86_64/sysroot/usr/local/include"
ignoring nonexistent directory "/home/monsler/Android/Sdk/ndk/26.1.10909125/toolchains/llvm/prebuilt/linux-x86_64/sysroot/include"
#include "..." search starts here:
#include <...> search starts here:
 /home/monsler/Android/Sdk/ndk/26.1.10909125/toolchains/llvm/prebuilt/linux-x86_64/sysroot/usr/include/c++/v1
 /home/monsler/Android/Sdk/ndk/26.1.10909125/toolchains/llvm/prebuilt/linux-x86_64/lib/clang/17/include
 /home/monsler/Android/Sdk/ndk/26.1.10909125/toolchains/llvm/prebuilt/linux-x86_64/sysroot/usr/include/i686-linux-android
 /home/monsler/Android/Sdk/ndk/26.1.10909125/toolchains/llvm/prebuilt/linux-x86_64/sysroot/usr/include
End of search list.
[2/2] Linking CXX executable cmTC_6832e
Android (10552028, +pgo, +bolt, +lto, -mlgo, based on r487747d) clang version 17.0.2 (https://android.googlesource.com/toolchain/llvm-project d9f89f4d16663d5012e5c09495f3b30ece3d2362)
Target: i686-none-linux-android24
Thread model: posix
InstalledDir: /home/monsler/Android/Sdk/ndk/26.1.10909125/toolchains/llvm/prebuilt/linux-x86_64/bin
 "/home/monsler/Android/Sdk/ndk/26.1.10909125/toolchains/llvm/prebuilt/linux-x86_64/bin/ld.lld" --sysroot=/home/monsler/Android/Sdk/ndk/26.1.10909125/toolchains/llvm/prebuilt/linux-x86_64/sysroot -pie -z now -z relro --hash-style=gnu --eh-frame-hdr -m elf_i386 -dynamic-linker /system/bin/linker -o cmTC_6832e /home/monsler/Android/Sdk/ndk/26.1.10909125/toolchains/llvm/prebuilt/linux-x86_64/sysroot/usr/lib/i686-linux-android/24/crtbegin_dynamic.o -L/home/monsler/Android/Sdk/ndk/26.1.10909125/toolchains/llvm/prebuilt/linux-x86_64/lib/clang/17/lib/linux/i386 -L/home/monsler/Android/Sdk/ndk/26.1.10909125/toolchains/llvm/prebuilt/linux-x86_64/sysroot/usr/lib/i686-linux-android/24 -L/home/monsler/Android/Sdk/ndk/26.1.10909125/toolchains/llvm/prebuilt/linux-x86_64/sysroot/usr/lib/i686-linux-android -L/home/monsler/Android/Sdk/ndk/26.1.10909125/toolchains/llvm/prebuilt/linux-x86_64/sysroot/usr/lib --build-id=sha1 --no-rosegment --no-undefined-version --fatal-warnings --no-undefined CMakeFiles/cmTC_6832e.dir/CMakeCXXCompilerABI.cpp.o -Bstatic -lc++ -Bdynamic -lm /home/monsler/Android/Sdk/ndk/26.1.10909125/toolchains/llvm/prebuilt/linux-x86_64/lib/clang/17/lib/linux/libclang_rt.builtins-i686-android.a -l:libunwind.a -ldl -lc /home/monsler/Android/Sdk/ndk/26.1.10909125/toolchains/llvm/prebuilt/linux-x86_64/lib/clang/17/lib/linux/libclang_rt.builtins-i686-android.a -l:libunwind.a -ldl /home/monsler/Android/Sdk/ndk/26.1.10909125/toolchains/llvm/prebuilt/linux-x86_64/sysroot/usr/lib/i686-linux-android/24/crtend_android.o



Parsed CXX implicit include dir info from above output: rv=done
  found start of include info
  found start of implicit include info
    add: [/home/monsler/Android/Sdk/ndk/26.1.10909125/toolchains/llvm/prebuilt/linux-x86_64/sysroot/usr/include/c++/v1]
    add: [/home/monsler/Android/Sdk/ndk/26.1.10909125/toolchains/llvm/prebuilt/linux-x86_64/lib/clang/17/include]
    add: [/home/monsler/Android/Sdk/ndk/26.1.10909125/toolchains/llvm/prebuilt/linux-x86_64/sysroot/usr/include/i686-linux-android]
    add: [/home/monsler/Android/Sdk/ndk/26.1.10909125/toolchains/llvm/prebuilt/linux-x86_64/sysroot/usr/include]
  end of search list found
  collapse include dir [/home/monsler/Android/Sdk/ndk/26.1.10909125/toolchains/llvm/prebuilt/linux-x86_64/sysroot/usr/include/c++/v1] ==> [/home/monsler/Android/Sdk/ndk/26.1.10909125/toolchains/llvm/prebuilt/linux-x86_64/sysroot/usr/include/c++/v1]
  collapse include dir [/home/monsler/Android/Sdk/ndk/26.1.10909125/toolchains/llvm/prebuilt/linux-x86_64/lib/clang/17/include] ==> [/home/monsler/Android/Sdk/ndk/26.1.10909125/toolchains/llvm/prebuilt/linux-x86_64/lib/clang/17/include]
  collapse include dir [/home/monsler/Android/Sdk/ndk/26.1.10909125/toolchains/llvm/prebuilt/linux-x86_64/sysroot/usr/include/i686-linux-android] ==> [/home/monsler/Android/Sdk/ndk/26.1.10909125/toolchains/llvm/prebuilt/linux-x86_64/sysroot/usr/include/i686-linux-android]
  collapse include dir [/home/monsler/Android/Sdk/ndk/26.1.10909125/toolchains/llvm/prebuilt/linux-x86_64/sysroot/usr/include] ==> [/home/monsler/Android/Sdk/ndk/26.1.10909125/toolchains/llvm/prebuilt/linux-x86_64/sysroot/usr/include]
  implicit include dirs: [/home/monsler/Android/Sdk/ndk/26.1.10909125/toolchains/llvm/prebuilt/linux-x86_64/sysroot/usr/include/c++/v1;/home/monsler/Android/Sdk/ndk/26.1.10909125/toolchains/llvm/prebuilt/linux-x86_64/lib/clang/17/include;/home/monsler/Android/Sdk/ndk/26.1.10909125/toolchains/llvm/prebuilt/linux-x86_64/sysroot/usr/include/i686-linux-android;/home/monsler/Android/Sdk/ndk/26.1.10909125/toolchains/llvm/prebuilt/linux-x86_64/sysroot/usr/include]


Parsed CXX implicit link information from above output:
  link line regex: [^( *|.*[/\])(ld\.lld|CMAKE_LINK_STARTFILE-NOTFOUND|([^/\]+-)?ld|collect2)[^/\]*( |$)]
  ignore line: [Change Dir: /home/monsler/Документы/NewCatroid/vncclient/.cxx/Debug/305v1k2y/x86/CMakeFiles/CMakeTmp]
  ignore line: []
  ignore line: [Run Build Command(s):/home/monsler/Android/Sdk/cmake/3.22.1/bin/ninja cmTC_6832e && [1/2] Building CXX object CMakeFiles/cmTC_6832e.dir/CMakeCXXCompilerABI.cpp.o]
  ignore line: [Android (10552028  +pgo  +bolt  +lto  -mlgo  based on r487747d) clang version 17.0.2 (https://android.googlesource.com/toolchain/llvm-project d9f89f4d16663d5012e5c09495f3b30ece3d2362)]
  ignore line: [Target: i686-none-linux-android24]
  ignore line: [Thread model: posix]
  ignore line: [InstalledDir: /home/monsler/Android/Sdk/ndk/26.1.10909125/toolchains/llvm/prebuilt/linux-x86_64/bin]
  ignore line: [ (in-process)]
  ignore line: [ "/home/monsler/Android/Sdk/ndk/26.1.10909125/toolchains/llvm/prebuilt/linux-x86_64/bin/clang++" -cc1 -triple i686-none-linux-android24 -emit-obj -mrelax-all -disable-free -clear-ast-before-backend -disable-llvm-verifier -discard-value-names -main-file-name CMakeCXXCompilerABI.cpp -mrelocation-model pic -pic-level 2 -pic-is-pie -mframe-pointer=all -ffp-contract=on -fno-rounding-math -mconstructor-aliases -funwind-tables=2 -target-cpu i686 -target-feature +ssse3 -tune-cpu generic -mllvm -treat-scalable-fixed-error-as-warning -debug-info-kind=constructor -dwarf-version=4 -debugger-tuning=gdb -v -ffunction-sections -fdata-sections -fcoverage-compilation-dir=/home/monsler/Документы/NewCatroid/vncclient/.cxx/Debug/305v1k2y/x86/CMakeFiles/CMakeTmp -resource-dir /home/monsler/Android/Sdk/ndk/26.1.10909125/toolchains/llvm/prebuilt/linux-x86_64/lib/clang/17 -dependency-file CMakeFiles/cmTC_6832e.dir/CMakeCXXCompilerABI.cpp.o.d -MT CMakeFiles/cmTC_6832e.dir/CMakeCXXCompilerABI.cpp.o -sys-header-deps -D ANDROID -D _FORTIFY_SOURCE=2 -isysroot /home/monsler/Android/Sdk/ndk/26.1.10909125/toolchains/llvm/prebuilt/linux-x86_64/sysroot -internal-isystem /home/monsler/Android/Sdk/ndk/26.1.10909125/toolchains/llvm/prebuilt/linux-x86_64/sysroot/usr/include/c++/v1 -internal-isystem /home/monsler/Android/Sdk/ndk/26.1.10909125/toolchains/llvm/prebuilt/linux-x86_64/lib/clang/17/include -internal-isystem /home/monsler/Android/Sdk/ndk/26.1.10909125/toolchains/llvm/prebuilt/linux-x86_64/sysroot/usr/local/include -internal-externc-isystem /home/monsler/Android/Sdk/ndk/26.1.10909125/toolchains/llvm/prebuilt/linux-x86_64/sysroot/usr/include/i686-linux-android -internal-externc-isystem /home/monsler/Android/Sdk/ndk/26.1.10909125/toolchains/llvm/prebuilt/linux-x86_64/sysroot/include -internal-externc-isystem /home/monsler/Android/Sdk/ndk/26.1.10909125/toolchains/llvm/prebuilt/linux-x86_64/sysroot/usr/include -Wformat -fdeprecated-macro -fdebug-compilation-dir=/home/monsler/Документы/NewCatroid/vncclient/.cxx/Debug/305v1k2y/x86/CMakeFiles/CMakeTmp -ferror-limit 19 -stack-protector 2 -fgnuc-version=4.2.1 -fcxx-exceptions -fexceptions -D__GCC_HAVE_DWARF2_CFI_ASM=1 -o CMakeFiles/cmTC_6832e.dir/CMakeCXXCompilerABI.cpp.o -x c++ /home/monsler/Android/Sdk/cmake/3.22.1/share/cmake-3.22/Modules/CMakeCXXCompilerABI.cpp]
  ignore line: [clang -cc1 version 17.0.2 based upon LLVM 17.0.2 default target x86_64-unknown-linux-gnu]
  ignore line: [ignoring nonexistent directory "/home/monsler/Android/Sdk/ndk/26.1.10909125/toolchains/llvm/prebuilt/linux-x86_64/sysroot/usr/local/include"]
  ignore line: [ignoring nonexistent directory "/home/monsler/Android/Sdk/ndk/26.1.10909125/toolchains/llvm/prebuilt/linux-x86_64/sysroot/include"]
  ignore line: [#include "..." search starts here:]
  ignore line: [#include <...> search starts here:]
  ignore line: [ /home/monsler/Android/Sdk/ndk/26.1.10909125/toolchains/llvm/prebuilt/linux-x86_64/sysroot/usr/include/c++/v1]
  ignore line: [ /home/monsler/Android/Sdk/ndk/26.1.10909125/toolchains/llvm/prebuilt/linux-x86_64/lib/clang/17/include]
  ignore line: [ /home/monsler/Android/Sdk/ndk/26.1.10909125/toolchains/llvm/prebuilt/linux-x86_64/sysroot/usr/include/i686-linux-android]
  ignore line: [ /home/monsler/Android/Sdk/ndk/26.1.10909125/toolchains/llvm/prebuilt/linux-x86_64/sysroot/usr/include]
  ignore line: [End of search list.]
  ignore line: [[2/2] Linking CXX executable cmTC_6832e]
  ignore line: [Android (10552028  +pgo  +bolt  +lto  -mlgo  based on r487747d) clang version 17.0.2 (https://android.googlesource.com/toolchain/llvm-project d9f89f4d16663d5012e5c09495f3b30ece3d2362)]
  ignore line: [Target: i686-none-linux-android24]
  ignore line: [Thread model: posix]
  ignore line: [InstalledDir: /home/monsler/Android/Sdk/ndk/26.1.10909125/toolchains/llvm/prebuilt/linux-x86_64/bin]
  link line: [ "/home/monsler/Android/Sdk/ndk/26.1.10909125/toolchains/llvm/prebuilt/linux-x86_64/bin/ld.lld" --sysroot=/home/monsler/Android/Sdk/ndk/26.1.10909125/toolchains/llvm/prebuilt/linux-x86_64/sysroot -pie -z now -z relro --hash-style=gnu --eh-frame-hdr -m elf_i386 -dynamic-linker /system/bin/linker -o cmTC_6832e /home/monsler/Android/Sdk/ndk/26.1.10909125/toolchains/llvm/prebuilt/linux-x86_64/sysroot/usr/lib/i686-linux-android/24/crtbegin_dynamic.o -L/home/monsler/Android/Sdk/ndk/26.1.10909125/toolchains/llvm/prebuilt/linux-x86_64/lib/clang/17/lib/linux/i386 -L/home/monsler/Android/Sdk/ndk/26.1.10909125/toolchains/llvm/prebuilt/linux-x86_64/sysroot/usr/lib/i686-linux-android/24 -L/home/monsler/Android/Sdk/ndk/26.1.10909125/toolchains/llvm/prebuilt/linux-x86_64/sysroot/usr/lib/i686-linux-android -L/home/monsler/Android/Sdk/ndk/26.1.10909125/toolchains/llvm/prebuilt/linux-x86_64/sysroot/usr/lib --build-id=sha1 --no-rosegment --no-undefined-version --fatal-warnings --no-undefined CMakeFiles/cmTC_6832e.dir/CMakeCXXCompilerABI.cpp.o -Bstatic -lc++ -Bdynamic -lm /home/monsler/Android/Sdk/ndk/26.1.10909125/toolchains/llvm/prebuilt/linux-x86_64/lib/clang/17/lib/linux/libclang_rt.builtins-i686-android.a -l:libunwind.a -ldl -lc /home/monsler/Android/Sdk/ndk/26.1.10909125/toolchains/llvm/prebuilt/linux-x86_64/lib/clang/17/lib/linux/libclang_rt.builtins-i686-android.a -l:libunwind.a -ldl /home/monsler/Android/Sdk/ndk/26.1.10909125/toolchains/llvm/prebuilt/linux-x86_64/sysroot/usr/lib/i686-linux-android/24/crtend_android.o]
    arg [/home/monsler/Android/Sdk/ndk/26.1.10909125/toolchains/llvm/prebuilt/linux-x86_64/bin/ld.lld] ==> ignore
    arg [--sysroot=/home/monsler/Android/Sdk/ndk/26.1.10909125/toolchains/llvm/prebuilt/linux-x86_64/sysroot] ==> ignore
    arg [-pie] ==> ignore
    arg [-znow] ==> ignore
    arg [-zrelro] ==> ignore
    arg [--hash-style=gnu] ==> ignore
    arg [--eh-frame-hdr] ==> ignore
    arg [-m] ==> ignore
    arg [elf_i386] ==> ignore
    arg [-dynamic-linker] ==> ignore
    arg [/system/bin/linker] ==> ignore
    arg [-o] ==> ignore
    arg [cmTC_6832e] ==> ignore
    arg [/home/monsler/Android/Sdk/ndk/26.1.10909125/toolchains/llvm/prebuilt/linux-x86_64/sysroot/usr/lib/i686-linux-android/24/crtbegin_dynamic.o] ==> obj [/home/monsler/Android/Sdk/ndk/26.1.10909125/toolchains/llvm/prebuilt/linux-x86_64/sysroot/usr/lib/i686-linux-android/24/crtbegin_dynamic.o]
    arg [-L/home/monsler/Android/Sdk/ndk/26.1.10909125/toolchains/llvm/prebuilt/linux-x86_64/lib/clang/17/lib/linux/i386] ==> dir [/home/monsler/Android/Sdk/ndk/26.1.10909125/toolchains/llvm/prebuilt/linux-x86_64/lib/clang/17/lib/linux/i386]
    arg [-L/home/monsler/Android/Sdk/ndk/26.1.10909125/toolchains/llvm/prebuilt/linux-x86_64/sysroot/usr/lib/i686-linux-android/24] ==> dir [/home/monsler/Android/Sdk/ndk/26.1.10909125/toolchains/llvm/prebuilt/linux-x86_64/sysroot/usr/lib/i686-linux-android/24]
    arg [-L/home/monsler/Android/Sdk/ndk/26.1.10909125/toolchains/llvm/prebuilt/linux-x86_64/sysroot/usr/lib/i686-linux-android] ==> dir [/home/monsler/Android/Sdk/ndk/26.1.10909125/toolchains/llvm/prebuilt/linux-x86_64/sysroot/usr/lib/i686-linux-android]
    arg [-L/home/monsler/Android/Sdk/ndk/26.1.10909125/toolchains/llvm/prebuilt/linux-x86_64/sysroot/usr/lib] ==> dir [/home/monsler/Android/Sdk/ndk/26.1.10909125/toolchains/llvm/prebuilt/linux-x86_64/sysroot/usr/lib]
    arg [--build-id=sha1] ==> ignore
    arg [--no-rosegment] ==> ignore
    arg [--no-undefined-version] ==> ignore
    arg [--fatal-warnings] ==> ignore
    arg [--no-undefined] ==> ignore
    arg [CMakeFiles/cmTC_6832e.dir/CMakeCXXCompilerABI.cpp.o] ==> ignore
    arg [-Bstatic] ==> search static
    arg [-lc++] ==> lib [c++]
    arg [-Bdynamic] ==> search dynamic
    arg [-lm] ==> lib [m]
    arg [/home/monsler/Android/Sdk/ndk/26.1.10909125/toolchains/llvm/prebuilt/linux-x86_64/lib/clang/17/lib/linux/libclang_rt.builtins-i686-android.a] ==> lib [/home/monsler/Android/Sdk/ndk/26.1.10909125/toolchains/llvm/prebuilt/linux-x86_64/lib/clang/17/lib/linux/libclang_rt.builtins-i686-android.a]
    arg [-l:libunwind.a] ==> lib [-l:libunwind.a]
    arg [-ldl] ==> lib [dl]
    arg [-lc] ==> lib [c]
    arg [/home/monsler/Android/Sdk/ndk/26.1.10909125/toolchains/llvm/prebuilt/linux-x86_64/lib/clang/17/lib/linux/libclang_rt.builtins-i686-android.a] ==> lib [/home/monsler/Android/Sdk/ndk/26.1.10909125/toolchains/llvm/prebuilt/linux-x86_64/lib/clang/17/lib/linux/libclang_rt.builtins-i686-android.a]
    arg [-l:libunwind.a] ==> lib [-l:libunwind.a]
    arg [-ldl] ==> lib [dl]
    arg [/home/monsler/Android/Sdk/ndk/26.1.10909125/toolchains/llvm/prebuilt/linux-x86_64/sysroot/usr/lib/i686-linux-android/24/crtend_android.o] ==> obj [/home/monsler/Android/Sdk/ndk/26.1.10909125/toolchains/llvm/prebuilt/linux-x86_64/sysroot/usr/lib/i686-linux-android/24/crtend_android.o]
  remove lib [/home/monsler/Android/Sdk/ndk/26.1.10909125/toolchains/llvm/prebuilt/linux-x86_64/lib/clang/17/lib/linux/libclang_rt.builtins-i686-android.a]
  remove lib [/home/monsler/Android/Sdk/ndk/26.1.10909125/toolchains/llvm/prebuilt/linux-x86_64/lib/clang/17/lib/linux/libclang_rt.builtins-i686-android.a]
  collapse library dir [/home/monsler/Android/Sdk/ndk/26.1.10909125/toolchains/llvm/prebuilt/linux-x86_64/lib/clang/17/lib/linux/i386] ==> [/home/monsler/Android/Sdk/ndk/26.1.10909125/toolchains/llvm/prebuilt/linux-x86_64/lib/clang/17/lib/linux/i386]
  collapse library dir [/home/monsler/Android/Sdk/ndk/26.1.10909125/toolchains/llvm/prebuilt/linux-x86_64/sysroot/usr/lib/i686-linux-android/24] ==> [/home/monsler/Android/Sdk/ndk/26.1.10909125/toolchains/llvm/prebuilt/linux-x86_64/sysroot/usr/lib/i686-linux-android/24]
  collapse library dir [/home/monsler/Android/Sdk/ndk/26.1.10909125/toolchains/llvm/prebuilt/linux-x86_64/sysroot/usr/lib/i686-linux-android] ==> [/home/monsler/Android/Sdk/ndk/26.1.10909125/toolchains/llvm/prebuilt/linux-x86_64/sysroot/usr/lib/i686-linux-android]
  collapse library dir [/home/monsler/Android/Sdk/ndk/26.1.10909125/toolchains/llvm/prebuilt/linux-x86_64/sysroot/usr/lib] ==> [/home/monsler/Android/Sdk/ndk/26.1.10909125/toolchains/llvm/prebuilt/linux-x86_64/sysroot/usr/lib]
  implicit libs: [c++;m;-l:libunwind.a;dl;c;-l:libunwind.a;dl]
  implicit objs: [/home/monsler/Android/Sdk/ndk/26.1.10909125/toolchains/llvm/prebuilt/linux-x86_64/sysroot/usr/lib/i686-linux-android/24/crtbegin_dynamic.o;/home/monsler/Android/Sdk/ndk/26.1.10909125/toolchains/llvm/prebuilt/linux-x86_64/sysroot/usr/lib/i686-linux-android/24/crtend_android.o]
  implicit dirs: [/home/monsler/Android/Sdk/ndk/26.1.10909125/toolchains/llvm/prebuilt/linux-x86_64/lib/clang/17/lib/linux/i386;/home/monsler/Android/Sdk/ndk/26.1.10909125/toolchains/llvm/prebuilt/linux-x86_64/sysroot/usr/lib/i686-linux-android/24;/home/monsler/Android/Sdk/ndk/26.1.10909125/toolchains/llvm/prebuilt/linux-x86_64/sysroot/usr/lib/i686-linux-android;/home/monsler/Android/Sdk/ndk/26.1.10909125/toolchains/llvm/prebuilt/linux-x86_64/sysroot/usr/lib]
  implicit fwks: []


Determining if the include file sys/types.h exists passed with the following output:
Change Dir: /home/monsler/Документы/NewCatroid/vncclient/.cxx/Debug/305v1k2y/x86/CMakeFiles/CMakeTmp

Run Build Command(s):/home/monsler/Android/Sdk/cmake/3.22.1/bin/ninja cmTC_08ab6 && [1/2] Building C object CMakeFiles/cmTC_08ab6.dir/CheckIncludeFile.c.o
[2/2] Linking C executable cmTC_08ab6



Determining if the include file stdint.h exists passed with the following output:
Change Dir: /home/monsler/Документы/NewCatroid/vncclient/.cxx/Debug/305v1k2y/x86/CMakeFiles/CMakeTmp

Run Build Command(s):/home/monsler/Android/Sdk/cmake/3.22.1/bin/ninja cmTC_e133e && [1/2] Building C object CMakeFiles/cmTC_e133e.dir/CheckIncludeFile.c.o
[2/2] Linking C executable cmTC_e133e



Determining if the include file stddef.h exists passed with the following output:
Change Dir: /home/monsler/Документы/NewCatroid/vncclient/.cxx/Debug/305v1k2y/x86/CMakeFiles/CMakeTmp

Run Build Command(s):/home/monsler/Android/Sdk/cmake/3.22.1/bin/ninja cmTC_71e0e && [1/2] Building C object CMakeFiles/cmTC_71e0e.dir/CheckIncludeFile.c.o
[2/2] Linking C executable cmTC_71e0e



Determining size of size_t passed with the following output:
Change Dir: /home/monsler/Документы/NewCatroid/vncclient/.cxx/Debug/305v1k2y/x86/CMakeFiles/CMakeTmp

Run Build Command(s):/home/monsler/Android/Sdk/cmake/3.22.1/bin/ninja cmTC_f481f && [1/2] Building C object CMakeFiles/cmTC_f481f.dir/SIZE_T.c.o
[2/2] Linking C executable cmTC_f481f



Determining size of unsigned long passed with the following output:
Change Dir: /home/monsler/Документы/NewCatroid/vncclient/.cxx/Debug/305v1k2y/x86/CMakeFiles/CMakeTmp

Run Build Command(s):/home/monsler/Android/Sdk/cmake/3.22.1/bin/ninja cmTC_fcb2f && [1/2] Building C object CMakeFiles/cmTC_fcb2f.dir/UNSIGNED_LONG.c.o
[2/2] Linking C executable cmTC_fcb2f



Performing C SOURCE FILE Test HAVE_BUILTIN_CTZL succeeded with the following output:
Change Dir: /home/monsler/Документы/NewCatroid/vncclient/.cxx/Debug/305v1k2y/x86/CMakeFiles/CMakeTmp

Run Build Command(s):/home/monsler/Android/Sdk/cmake/3.22.1/bin/ninja cmTC_410fc && [1/2] Building C object CMakeFiles/cmTC_410fc.dir/src.c.o
[2/2] Linking C executable cmTC_410fc


Source file was:
int main(int argc, char **argv) { unsigned long a = argc;  return __builtin_ctzl(a); }
Performing C SOURCE FILE Test INLINE_WORKS succeeded with the following output:
Change Dir: /home/monsler/Документы/NewCatroid/vncclient/.cxx/Debug/305v1k2y/x86/CMakeFiles/CMakeTmp

Run Build Command(s):/home/monsler/Android/Sdk/cmake/3.22.1/bin/ninja cmTC_ad2f3 && [1/2] Building C object CMakeFiles/cmTC_ad2f3.dir/src.c.o
[2/2] Linking C executable cmTC_ad2f3


Source file was:
__inline__ __attribute__((always_inline)) static int foo(void) { return 0; } int main(void) { return foo(); }
Performing C SOURCE FILE Test HAVE_THREAD_LOCAL succeeded with the following output:
Change Dir: /home/monsler/Документы/NewCatroid/vncclient/.cxx/Debug/305v1k2y/x86/CMakeFiles/CMakeTmp

Run Build Command(s):/home/monsler/Android/Sdk/cmake/3.22.1/bin/ninja cmTC_c06d3 && [1/2] Building C object CMakeFiles/cmTC_c06d3.dir/src.c.o
[2/2] Linking C executable cmTC_c06d3


Source file was:
__thread int i;  int main(void) { i = 0;  return i; }
Performing C SOURCE FILE Test HAVE_VERSION_SCRIPT succeeded with the following output:
Change Dir: /home/monsler/Документы/NewCatroid/vncclient/.cxx/Debug/305v1k2y/x86/CMakeFiles/CMakeTmp

Run Build Command(s):/home/monsler/Android/Sdk/cmake/3.22.1/bin/ninja cmTC_3377b && [1/2] Building C object CMakeFiles/cmTC_3377b.dir/src.c.o
clang: warning: -Wl,--version-script,/home/monsler/Документы/NewCatroid/vncclient/.cxx/Debug/305v1k2y/x86/libjpeg-turbo/conftest.map: 'linker' input unused [-Wunused-command-line-argument]
[2/2] Linking C executable cmTC_3377b


Source file was:
int main(void) { return 0; }
Checking whether the ASM_NASM compiler is YASM using "--version" matched "(yasm)":
yasm 1.3.0
Compiled on Oct  5 2023.
Copyright (c) 2001-2014 Peter Johnson and other Yasm developers.
Run yasm --license for licensing overview and summary.
Determining if the include file pthread.h exists passed with the following output:
Change Dir: /home/monsler/Документы/NewCatroid/vncclient/.cxx/Debug/305v1k2y/x86/CMakeFiles/CMakeTmp

Run Build Command(s):/home/monsler/Android/Sdk/cmake/3.22.1/bin/ninja cmTC_ccdb4 && [1/2] Building C object CMakeFiles/cmTC_ccdb4.dir/CheckIncludeFile.c.o
[2/2] Linking C executable cmTC_ccdb4



Determining if the include file dirent.h exists passed with the following output:
Change Dir: /home/monsler/Документы/NewCatroid/vncclient/.cxx/Debug/305v1k2y/x86/CMakeFiles/CMakeTmp

Run Build Command(s):/home/monsler/Android/Sdk/cmake/3.22.1/bin/ninja cmTC_908d2 && [1/2] Building C object CMakeFiles/cmTC_908d2.dir/CheckIncludeFile.c.o
[2/2] Linking C executable cmTC_908d2



Determining if the include file endian.h exists passed with the following output:
Change Dir: /home/monsler/Документы/NewCatroid/vncclient/.cxx/Debug/305v1k2y/x86/CMakeFiles/CMakeTmp

Run Build Command(s):/home/monsler/Android/Sdk/cmake/3.22.1/bin/ninja cmTC_5fc98 && [1/2] Building C object CMakeFiles/cmTC_5fc98.dir/CheckIncludeFile.c.o
[2/2] Linking C executable cmTC_5fc98



Determining if the include file fcntl.h exists passed with the following output:
Change Dir: /home/monsler/Документы/NewCatroid/vncclient/.cxx/Debug/305v1k2y/x86/CMakeFiles/CMakeTmp

Run Build Command(s):/home/monsler/Android/Sdk/cmake/3.22.1/bin/ninja cmTC_b8d4b && [1/2] Building C object CMakeFiles/cmTC_b8d4b.dir/CheckIncludeFile.c.o
[2/2] Linking C executable cmTC_b8d4b



Determining if the include file netinet/in.h exists passed with the following output:
Change Dir: /home/monsler/Документы/NewCatroid/vncclient/.cxx/Debug/305v1k2y/x86/CMakeFiles/CMakeTmp

Run Build Command(s):/home/monsler/Android/Sdk/cmake/3.22.1/bin/ninja cmTC_f3f4d && [1/2] Building C object CMakeFiles/cmTC_f3f4d.dir/CheckIncludeFile.c.o
[2/2] Linking C executable cmTC_f3f4d



Determining if the include file sys/endian.h exists passed with the following output:
Change Dir: /home/monsler/Документы/NewCatroid/vncclient/.cxx/Debug/305v1k2y/x86/CMakeFiles/CMakeTmp

Run Build Command(s):/home/monsler/Android/Sdk/cmake/3.22.1/bin/ninja cmTC_e8d1b && [1/2] Building C object CMakeFiles/cmTC_e8d1b.dir/CheckIncludeFile.c.o
[2/2] Linking C executable cmTC_e8d1b



Determining if the include file sys/socket.h exists passed with the following output:
Change Dir: /home/monsler/Документы/NewCatroid/vncclient/.cxx/Debug/305v1k2y/x86/CMakeFiles/CMakeTmp

Run Build Command(s):/home/monsler/Android/Sdk/cmake/3.22.1/bin/ninja cmTC_b3e05 && [1/2] Building C object CMakeFiles/cmTC_b3e05.dir/CheckIncludeFile.c.o
[2/2] Linking C executable cmTC_b3e05



Determining if the include file sys/stat.h exists passed with the following output:
Change Dir: /home/monsler/Документы/NewCatroid/vncclient/.cxx/Debug/305v1k2y/x86/CMakeFiles/CMakeTmp

Run Build Command(s):/home/monsler/Android/Sdk/cmake/3.22.1/bin/ninja cmTC_ef7ce && [1/2] Building C object CMakeFiles/cmTC_ef7ce.dir/CheckIncludeFile.c.o
[2/2] Linking C executable cmTC_ef7ce



Determining if the include file sys/time.h exists passed with the following output:
Change Dir: /home/monsler/Документы/NewCatroid/vncclient/.cxx/Debug/305v1k2y/x86/CMakeFiles/CMakeTmp

Run Build Command(s):/home/monsler/Android/Sdk/cmake/3.22.1/bin/ninja cmTC_19a31 && [1/2] Building C object CMakeFiles/cmTC_19a31.dir/CheckIncludeFile.c.o
[2/2] Linking C executable cmTC_19a31



Determining if the include file sys/types.h exists passed with the following output:
Change Dir: /home/monsler/Документы/NewCatroid/vncclient/.cxx/Debug/305v1k2y/x86/CMakeFiles/CMakeTmp

Run Build Command(s):/home/monsler/Android/Sdk/cmake/3.22.1/bin/ninja cmTC_c1525 && [1/2] Building C object CMakeFiles/cmTC_c1525.dir/CheckIncludeFile.c.o
[2/2] Linking C executable cmTC_c1525



Determining if the include file sys/wait.h exists passed with the following output:
Change Dir: /home/monsler/Документы/NewCatroid/vncclient/.cxx/Debug/305v1k2y/x86/CMakeFiles/CMakeTmp

Run Build Command(s):/home/monsler/Android/Sdk/cmake/3.22.1/bin/ninja cmTC_5bbcf && [1/2] Building C object CMakeFiles/cmTC_5bbcf.dir/CheckIncludeFile.c.o
[2/2] Linking C executable cmTC_5bbcf



Determining if the include file unistd.h exists passed with the following output:
Change Dir: /home/monsler/Документы/NewCatroid/vncclient/.cxx/Debug/305v1k2y/x86/CMakeFiles/CMakeTmp

Run Build Command(s):/home/monsler/Android/Sdk/cmake/3.22.1/bin/ninja cmTC_be111 && [1/2] Building C object CMakeFiles/cmTC_be111.dir/CheckIncludeFile.c.o
[2/2] Linking C executable cmTC_be111



Determining if the include file sys/resource.h exists passed with the following output:
Change Dir: /home/monsler/Документы/NewCatroid/vncclient/.cxx/Debug/305v1k2y/x86/CMakeFiles/CMakeTmp

Run Build Command(s):/home/monsler/Android/Sdk/cmake/3.22.1/bin/ninja cmTC_12835 && [1/2] Building C object CMakeFiles/cmTC_12835.dir/CheckIncludeFile.c.o
[2/2] Linking C executable cmTC_12835



Determining if the include file arpa/inet.h exists passed with the following output:
Change Dir: /home/monsler/Документы/NewCatroid/vncclient/.cxx/Debug/305v1k2y/x86/CMakeFiles/CMakeTmp

Run Build Command(s):/home/monsler/Android/Sdk/cmake/3.22.1/bin/ninja cmTC_68a03 && [1/2] Building C object CMakeFiles/cmTC_68a03.dir/CheckIncludeFile.c.o
[2/2] Linking C executable cmTC_68a03



Determining if the function gettimeofday exists passed with the following output:
Change Dir: /home/monsler/Документы/NewCatroid/vncclient/.cxx/Debug/305v1k2y/x86/CMakeFiles/CMakeTmp

Run Build Command(s):/home/monsler/Android/Sdk/cmake/3.22.1/bin/ninja cmTC_3f6c0 && [1/2] Building C object CMakeFiles/cmTC_3f6c0.dir/CheckFunctionExists.c.o
[2/2] Linking C executable cmTC_3f6c0



Determining if the function vfork exists passed with the following output:
Change Dir: /home/monsler/Документы/NewCatroid/vncclient/.cxx/Debug/305v1k2y/x86/CMakeFiles/CMakeTmp

Run Build Command(s):/home/monsler/Android/Sdk/cmake/3.22.1/bin/ninja cmTC_f98c5 && [1/2] Building C object CMakeFiles/cmTC_f98c5.dir/CheckFunctionExists.c.o
/home/monsler/Android/Sdk/cmake/3.22.1/share/cmake-3.22/Modules/CheckFunctionExists.c:7:3: warning: incompatible redeclaration of library function 'vfork' [-Wincompatible-library-redeclaration]
  CHECK_FUNCTION_EXISTS(void);
  ^
<command line>:3:31: note: expanded from macro 'CHECK_FUNCTION_EXISTS'
#define CHECK_FUNCTION_EXISTS vfork
                              ^
/home/monsler/Android/Sdk/cmake/3.22.1/share/cmake-3.22/Modules/CheckFunctionExists.c:7:3: note: 'vfork' is a builtin with type 'int (void)'
<command line>:3:31: note: expanded from macro 'CHECK_FUNCTION_EXISTS'
#define CHECK_FUNCTION_EXISTS vfork
                              ^
1 warning generated.
[2/2] Linking C executable cmTC_f98c5



Determining if the function vprintf exists passed with the following output:
Change Dir: /home/monsler/Документы/NewCatroid/vncclient/.cxx/Debug/305v1k2y/x86/CMakeFiles/CMakeTmp

Run Build Command(s):/home/monsler/Android/Sdk/cmake/3.22.1/bin/ninja cmTC_c2a47 && [1/2] Building C object CMakeFiles/cmTC_c2a47.dir/CheckFunctionExists.c.o
/home/monsler/Android/Sdk/cmake/3.22.1/share/cmake-3.22/Modules/CheckFunctionExists.c:7:3: warning: incompatible redeclaration of library function 'vprintf' [-Wincompatible-library-redeclaration]
  CHECK_FUNCTION_EXISTS(void);
  ^
<command line>:3:31: note: expanded from macro 'CHECK_FUNCTION_EXISTS'
#define CHECK_FUNCTION_EXISTS vprintf
                              ^
/home/monsler/Android/Sdk/cmake/3.22.1/share/cmake-3.22/Modules/CheckFunctionExists.c:7:3: note: 'vprintf' is a builtin with type 'int (const char *, __builtin_va_list)'
<command line>:3:31: note: expanded from macro 'CHECK_FUNCTION_EXISTS'
#define CHECK_FUNCTION_EXISTS vprintf
                              ^
1 warning generated.
[2/2] Linking C executable cmTC_c2a47



Determining if the function mmap exists passed with the following output:
Change Dir: /home/monsler/Документы/NewCatroid/vncclient/.cxx/Debug/305v1k2y/x86/CMakeFiles/CMakeTmp

Run Build Command(s):/home/monsler/Android/Sdk/cmake/3.22.1/bin/ninja cmTC_9e786 && [1/2] Building C object CMakeFiles/cmTC_9e786.dir/CheckFunctionExists.c.o
[2/2] Linking C executable cmTC_9e786



Determining if the function fork exists passed with the following output:
Change Dir: /home/monsler/Документы/NewCatroid/vncclient/.cxx/Debug/305v1k2y/x86/CMakeFiles/CMakeTmp

Run Build Command(s):/home/monsler/Android/Sdk/cmake/3.22.1/bin/ninja cmTC_5c48c && [1/2] Building C object CMakeFiles/cmTC_5c48c.dir/CheckFunctionExists.c.o
[2/2] Linking C executable cmTC_5c48c



Determining if the function gethostbyname exists passed with the following output:
Change Dir: /home/monsler/Документы/NewCatroid/vncclient/.cxx/Debug/305v1k2y/x86/CMakeFiles/CMakeTmp

Run Build Command(s):/home/monsler/Android/Sdk/cmake/3.22.1/bin/ninja cmTC_df8e8 && [1/2] Building C object CMakeFiles/cmTC_df8e8.dir/CheckFunctionExists.c.o
[2/2] Linking C executable cmTC_df8e8



Determining if the function gethostname exists passed with the following output:
Change Dir: /home/monsler/Документы/NewCatroid/vncclient/.cxx/Debug/305v1k2y/x86/CMakeFiles/CMakeTmp

Run Build Command(s):/home/monsler/Android/Sdk/cmake/3.22.1/bin/ninja cmTC_f124c && [1/2] Building C object CMakeFiles/cmTC_f124c.dir/CheckFunctionExists.c.o
[2/2] Linking C executable cmTC_f124c



Determining if the function inet_ntoa exists passed with the following output:
Change Dir: /home/monsler/Документы/NewCatroid/vncclient/.cxx/Debug/305v1k2y/x86/CMakeFiles/CMakeTmp

Run Build Command(s):/home/monsler/Android/Sdk/cmake/3.22.1/bin/ninja cmTC_b9e09 && [1/2] Building C object CMakeFiles/cmTC_b9e09.dir/CheckFunctionExists.c.o
[2/2] Linking C executable cmTC_b9e09



Determining if the function memmove exists passed with the following output:
Change Dir: /home/monsler/Документы/NewCatroid/vncclient/.cxx/Debug/305v1k2y/x86/CMakeFiles/CMakeTmp

Run Build Command(s):/home/monsler/Android/Sdk/cmake/3.22.1/bin/ninja cmTC_e02e1 && [1/2] Building C object CMakeFiles/cmTC_e02e1.dir/CheckFunctionExists.c.o
/home/monsler/Android/Sdk/cmake/3.22.1/share/cmake-3.22/Modules/CheckFunctionExists.c:7:3: warning: incompatible redeclaration of library function 'memmove' [-Wincompatible-library-redeclaration]
  CHECK_FUNCTION_EXISTS(void);
  ^
<command line>:3:31: note: expanded from macro 'CHECK_FUNCTION_EXISTS'
#define CHECK_FUNCTION_EXISTS memmove
                              ^
/home/monsler/Android/Sdk/cmake/3.22.1/share/cmake-3.22/Modules/CheckFunctionExists.c:7:3: note: 'memmove' is a builtin with type 'void *(void *, const void *, unsigned int)'
<command line>:3:31: note: expanded from macro 'CHECK_FUNCTION_EXISTS'
#define CHECK_FUNCTION_EXISTS memmove
                              ^
1 warning generated.
[2/2] Linking C executable cmTC_e02e1



Determining if the function memset exists passed with the following output:
Change Dir: /home/monsler/Документы/NewCatroid/vncclient/.cxx/Debug/305v1k2y/x86/CMakeFiles/CMakeTmp

Run Build Command(s):/home/monsler/Android/Sdk/cmake/3.22.1/bin/ninja cmTC_af447 && [1/2] Building C object CMakeFiles/cmTC_af447.dir/CheckFunctionExists.c.o
/home/monsler/Android/Sdk/cmake/3.22.1/share/cmake-3.22/Modules/CheckFunctionExists.c:7:3: warning: incompatible redeclaration of library function 'memset' [-Wincompatible-library-redeclaration]
  CHECK_FUNCTION_EXISTS(void);
  ^
<command line>:3:31: note: expanded from macro 'CHECK_FUNCTION_EXISTS'
#define CHECK_FUNCTION_EXISTS memset
                              ^
/home/monsler/Android/Sdk/cmake/3.22.1/share/cmake-3.22/Modules/CheckFunctionExists.c:7:3: note: 'memset' is a builtin with type 'void *(void *, int, unsigned int)'
<command line>:3:31: note: expanded from macro 'CHECK_FUNCTION_EXISTS'
#define CHECK_FUNCTION_EXISTS memset
                              ^
1 warning generated.
[2/2] Linking C executable cmTC_af447



Determining if the function mkfifo exists passed with the following output:
Change Dir: /home/monsler/Документы/NewCatroid/vncclient/.cxx/Debug/305v1k2y/x86/CMakeFiles/CMakeTmp

Run Build Command(s):/home/monsler/Android/Sdk/cmake/3.22.1/bin/ninja cmTC_11518 && [1/2] Building C object CMakeFiles/cmTC_11518.dir/CheckFunctionExists.c.o
[2/2] Linking C executable cmTC_11518



Determining if the function select exists passed with the following output:
Change Dir: /home/monsler/Документы/NewCatroid/vncclient/.cxx/Debug/305v1k2y/x86/CMakeFiles/CMakeTmp

Run Build Command(s):/home/monsler/Android/Sdk/cmake/3.22.1/bin/ninja cmTC_306b6 && [1/2] Building C object CMakeFiles/cmTC_306b6.dir/CheckFunctionExists.c.o
[2/2] Linking C executable cmTC_306b6



Determining if the function socket exists passed with the following output:
Change Dir: /home/monsler/Документы/NewCatroid/vncclient/.cxx/Debug/305v1k2y/x86/CMakeFiles/CMakeTmp

Run Build Command(s):/home/monsler/Android/Sdk/cmake/3.22.1/bin/ninja cmTC_a9bac && [1/2] Building C object CMakeFiles/cmTC_a9bac.dir/CheckFunctionExists.c.o
[2/2] Linking C executable cmTC_a9bac



Determining if the function strchr exists passed with the following output:
Change Dir: /home/monsler/Документы/NewCatroid/vncclient/.cxx/Debug/305v1k2y/x86/CMakeFiles/CMakeTmp

Run Build Command(s):/home/monsler/Android/Sdk/cmake/3.22.1/bin/ninja cmTC_20dba && [1/2] Building C object CMakeFiles/cmTC_20dba.dir/CheckFunctionExists.c.o
/home/monsler/Android/Sdk/cmake/3.22.1/share/cmake-3.22/Modules/CheckFunctionExists.c:7:3: warning: incompatible redeclaration of library function 'strchr' [-Wincompatible-library-redeclaration]
  CHECK_FUNCTION_EXISTS(void);
  ^
<command line>:3:31: note: expanded from macro 'CHECK_FUNCTION_EXISTS'
#define CHECK_FUNCTION_EXISTS strchr
                              ^
/home/monsler/Android/Sdk/cmake/3.22.1/share/cmake-3.22/Modules/CheckFunctionExists.c:7:3: note: 'strchr' is a builtin with type 'char *(const char *, int)'
<command line>:3:31: note: expanded from macro 'CHECK_FUNCTION_EXISTS'
#define CHECK_FUNCTION_EXISTS strchr
                              ^
1 warning generated.
[2/2] Linking C executable cmTC_20dba



Determining if the function strcspn exists passed with the following output:
Change Dir: /home/monsler/Документы/NewCatroid/vncclient/.cxx/Debug/305v1k2y/x86/CMakeFiles/CMakeTmp

Run Build Command(s):/home/monsler/Android/Sdk/cmake/3.22.1/bin/ninja cmTC_4acac && [1/2] Building C object CMakeFiles/cmTC_4acac.dir/CheckFunctionExists.c.o
/home/monsler/Android/Sdk/cmake/3.22.1/share/cmake-3.22/Modules/CheckFunctionExists.c:7:3: warning: incompatible redeclaration of library function 'strcspn' [-Wincompatible-library-redeclaration]
  CHECK_FUNCTION_EXISTS(void);
  ^
<command line>:3:31: note: expanded from macro 'CHECK_FUNCTION_EXISTS'
#define CHECK_FUNCTION_EXISTS strcspn
                              ^
/home/monsler/Android/Sdk/cmake/3.22.1/share/cmake-3.22/Modules/CheckFunctionExists.c:7:3: note: 'strcspn' is a builtin with type 'unsigned int (const char *, const char *)'
<command line>:3:31: note: expanded from macro 'CHECK_FUNCTION_EXISTS'
#define CHECK_FUNCTION_EXISTS strcspn
                              ^
1 warning generated.
[2/2] Linking C executable cmTC_4acac



Determining if the function strdup exists passed with the following output:
Change Dir: /home/monsler/Документы/NewCatroid/vncclient/.cxx/Debug/305v1k2y/x86/CMakeFiles/CMakeTmp

Run Build Command(s):/home/monsler/Android/Sdk/cmake/3.22.1/bin/ninja cmTC_57fb7 && [1/2] Building C object CMakeFiles/cmTC_57fb7.dir/CheckFunctionExists.c.o
/home/monsler/Android/Sdk/cmake/3.22.1/share/cmake-3.22/Modules/CheckFunctionExists.c:7:3: warning: incompatible redeclaration of library function 'strdup' [-Wincompatible-library-redeclaration]
  CHECK_FUNCTION_EXISTS(void);
  ^
<command line>:3:31: note: expanded from macro 'CHECK_FUNCTION_EXISTS'
#define CHECK_FUNCTION_EXISTS strdup
                              ^
/home/monsler/Android/Sdk/cmake/3.22.1/share/cmake-3.22/Modules/CheckFunctionExists.c:7:3: note: 'strdup' is a builtin with type 'char *(const char *)'
<command line>:3:31: note: expanded from macro 'CHECK_FUNCTION_EXISTS'
#define CHECK_FUNCTION_EXISTS strdup
                              ^
1 warning generated.
[2/2] Linking C executable cmTC_57fb7



Determining if the function strerror exists passed with the following output:
Change Dir: /home/monsler/Документы/NewCatroid/vncclient/.cxx/Debug/305v1k2y/x86/CMakeFiles/CMakeTmp

Run Build Command(s):/home/monsler/Android/Sdk/cmake/3.22.1/bin/ninja cmTC_3e52f && [1/2] Building C object CMakeFiles/cmTC_3e52f.dir/CheckFunctionExists.c.o
/home/monsler/Android/Sdk/cmake/3.22.1/share/cmake-3.22/Modules/CheckFunctionExists.c:7:3: warning: incompatible redeclaration of library function 'strerror' [-Wincompatible-library-redeclaration]
  CHECK_FUNCTION_EXISTS(void);
  ^
<command line>:3:31: note: expanded from macro 'CHECK_FUNCTION_EXISTS'
#define CHECK_FUNCTION_EXISTS strerror
                              ^
/home/monsler/Android/Sdk/cmake/3.22.1/share/cmake-3.22/Modules/CheckFunctionExists.c:7:3: note: 'strerror' is a builtin with type 'char *(int)'
<command line>:3:31: note: expanded from macro 'CHECK_FUNCTION_EXISTS'
#define CHECK_FUNCTION_EXISTS strerror
                              ^
1 warning generated.
[2/2] Linking C executable cmTC_3e52f



Determining if the function strstr exists passed with the following output:
Change Dir: /home/monsler/Документы/NewCatroid/vncclient/.cxx/Debug/305v1k2y/x86/CMakeFiles/CMakeTmp

Run Build Command(s):/home/monsler/Android/Sdk/cmake/3.22.1/bin/ninja cmTC_ef3a9 && [1/2] Building C object CMakeFiles/cmTC_ef3a9.dir/CheckFunctionExists.c.o
/home/monsler/Android/Sdk/cmake/3.22.1/share/cmake-3.22/Modules/CheckFunctionExists.c:7:3: warning: incompatible redeclaration of library function 'strstr' [-Wincompatible-library-redeclaration]
  CHECK_FUNCTION_EXISTS(void);
  ^
<command line>:3:31: note: expanded from macro 'CHECK_FUNCTION_EXISTS'
#define CHECK_FUNCTION_EXISTS strstr
                              ^
/home/monsler/Android/Sdk/cmake/3.22.1/share/cmake-3.22/Modules/CheckFunctionExists.c:7:3: note: 'strstr' is a builtin with type 'char *(const char *, const char *)'
<command line>:3:31: note: expanded from macro 'CHECK_FUNCTION_EXISTS'
#define CHECK_FUNCTION_EXISTS strstr
                              ^
1 warning generated.
[2/2] Linking C executable cmTC_ef3a9



Determining if the htobe64 exist passed with the following output:
Change Dir: /home/monsler/Документы/NewCatroid/vncclient/.cxx/Debug/305v1k2y/x86/CMakeFiles/CMakeTmp

Run Build Command(s):/home/monsler/Android/Sdk/cmake/3.22.1/bin/ninja cmTC_16704 && [1/2] Building C object CMakeFiles/cmTC_16704.dir/CheckSymbolExists.c.o
[2/2] Linking C executable cmTC_16704


File /home/monsler/Документы/NewCatroid/vncclient/.cxx/Debug/305v1k2y/x86/CMakeFiles/CMakeTmp/CheckSymbolExists.c:
/* */
#include <endian.h>

int main(int argc, char** argv)
{
  (void)argv;
#ifndef htobe64
  return ((int*)(&htobe64))[argc];
#else
  (void)argc;
  return 0;
#endif
}
Determining size of pid_t passed with the following output:
Change Dir: /home/monsler/Документы/NewCatroid/vncclient/.cxx/Debug/305v1k2y/x86/CMakeFiles/CMakeTmp

Run Build Command(s):/home/monsler/Android/Sdk/cmake/3.22.1/bin/ninja cmTC_37ee1 && [1/2] Building C object CMakeFiles/cmTC_37ee1.dir/LIBVNCSERVER_PID_T.c.o
[2/2] Linking C executable cmTC_37ee1



Determining size of size_t passed with the following output:
Change Dir: /home/monsler/Документы/NewCatroid/vncclient/.cxx/Debug/305v1k2y/x86/CMakeFiles/CMakeTmp

Run Build Command(s):/home/monsler/Android/Sdk/cmake/3.22.1/bin/ninja cmTC_a721a && [1/2] Building C object CMakeFiles/cmTC_a721a.dir/LIBVNCSERVER_SIZE_T.c.o
[2/2] Linking C executable cmTC_a721a



Determining size of socklen_t passed with the following output:
Change Dir: /home/monsler/Документы/NewCatroid/vncclient/.cxx/Debug/305v1k2y/x86/CMakeFiles/CMakeTmp

Run Build Command(s):/home/monsler/Android/Sdk/cmake/3.22.1/bin/ninja cmTC_d2bed && [1/2] Building C object CMakeFiles/cmTC_d2bed.dir/LIBVNCSERVER_SOCKLEN_T.c.o
[2/2] Linking C executable cmTC_d2bed



Determining size of in_addr_t passed with the following output:
Change Dir: /home/monsler/Документы/NewCatroid/vncclient/.cxx/Debug/305v1k2y/x86/CMakeFiles/CMakeTmp

Run Build Command(s):/home/monsler/Android/Sdk/cmake/3.22.1/bin/ninja cmTC_60deb && [1/2] Building C object CMakeFiles/cmTC_60deb.dir/LIBVNCSERVER_IN_ADDR_T.c.o
[2/2] Linking C executable cmTC_60deb



